<?xml version="1.0" encoding="UTF-8"?>
<!-- Generated by org.testng.reporters.JUnitReportReporter -->
<testsuite skipped="0" hostname="DESKTOP-7H6C2GA" name="TestNGproject.TestRun" tests="2" failures="0" timestamp="13 Mar 2020 06:16:43 GMT" time="33.375" errors="0">
  <testcase name="verifyHomepageTitle" time="33.364" classname="TestNGproject.TestRun"/>
  <testcase name="createAccount" time="0.011" classname="TestNGproject.TestRun"/>
</testsuite> <!-- TestNGproject.TestRun -->
